{"/Users/uchechisamuel/Downloads/react-case-study-main/src/components/error-boundary/ErrorBoundary.tsx": {"path":"/Users/uchechisamuel/Downloads/react-case-study-main/src/components/error-boundary/ErrorBoundary.tsx","statementMap":{"0":{"start":{"line":46,"column":16},"end":{"line":51,"column":null}},"1":{"start":{"line":24,"column":4},"end":{"line":24,"column":null}},"2":{"start":{"line":25,"column":4},"end":{"line":28,"column":null}},"3":{"start":{"line":33,"column":4},"end":{"line":36,"column":null}},"4":{"start":{"line":41,"column":4},"end":{"line":41,"column":null}},"5":{"start":{"line":47,"column":4},"end":{"line":50,"column":null}},"6":{"start":{"line":54,"column":4},"end":{"line":97,"column":null}},"7":{"start":{"line":56,"column":6},"end":{"line":58,"column":null}},"8":{"start":{"line":57,"column":8},"end":{"line":57,"column":null}},"9":{"start":{"line":61,"column":6},"end":{"line":95,"column":null}},"10":{"start":{"line":99,"column":4},"end":{"line":99,"column":null}}},"fnMap":{"0":{"name":"(anonymous_0)","decl":{"start":{"line":23,"column":2},"end":{"line":23,"column":14}},"loc":{"start":{"line":23,"column":28},"end":{"line":29,"column":null}},"line":23},"1":{"name":"(anonymous_1)","decl":{"start":{"line":31,"column":9},"end":{"line":31,"column":34}},"loc":{"start":{"line":31,"column":55},"end":{"line":37,"column":null}},"line":31},"2":{"name":"(anonymous_2)","decl":{"start":{"line":39,"column":2},"end":{"line":39,"column":20}},"loc":{"start":{"line":39,"column":62},"end":{"line":44,"column":null}},"line":39},"3":{"name":"(anonymous_3)","decl":{"start":{"line":46,"column":16},"end":{"line":46,"column":28}},"loc":{"start":{"line":46,"column":28},"end":{"line":51,"column":null}},"line":46},"4":{"name":"(anonymous_4)","decl":{"start":{"line":53,"column":2},"end":{"line":53,"column":22}},"loc":{"start":{"line":53,"column":22},"end":{"line":100,"column":null}},"line":53}},"branchMap":{"0":{"loc":{"start":{"line":54,"column":4},"end":{"line":97,"column":null}},"type":"if","locations":[{"start":{"line":54,"column":4},"end":{"line":97,"column":null}},{"start":{},"end":{}}],"line":54},"1":{"loc":{"start":{"line":56,"column":6},"end":{"line":58,"column":null}},"type":"if","locations":[{"start":{"line":56,"column":6},"end":{"line":58,"column":null}},{"start":{},"end":{}}],"line":56},"2":{"loc":{"start":{"line":84,"column":15},"end":{"line":85,"column":null}},"type":"binary-expr","locations":[{"start":{"line":84,"column":15},"end":{"line":84,"column":null}},{"start":{"line":85,"column":15},"end":{"line":85,"column":null}}],"line":84}},"s":{"0":1,"1":8,"2":8,"3":6,"4":3,"5":1,"6":15,"7":7,"8":2,"9":5,"10":8},"f":{"0":8,"1":7,"2":3,"3":1,"4":15},"b":{"0":[7,8],"1":[2,5],"2":[5,0]},"meta":{"lastBranch":3,"lastFunction":5,"lastStatement":11,"seen":{"s:46:16:51:Infinity":0,"f:23:2:23:14":0,"s:24:4:24:Infinity":1,"s:25:4:28:Infinity":2,"f:31:9:31:34":1,"s:33:4:36:Infinity":3,"f:39:2:39:20":2,"s:41:4:41:Infinity":4,"f:46:16:46:28":3,"s:47:4:50:Infinity":5,"f:53:2:53:22":4,"b:54:4:97:Infinity:undefined:undefined:undefined:undefined":0,"s:54:4:97:Infinity":6,"b:56:6:58:Infinity:undefined:undefined:undefined:undefined":1,"s:56:6:58:Infinity":7,"s:57:8:57:Infinity":8,"s:61:6:95:Infinity":9,"b:84:15:84:Infinity:85:15:85:Infinity":2,"s:99:4:99:Infinity":10}}}
,"/Users/uchechisamuel/Downloads/react-case-study-main/src/components/filter-components/CategoryFilter.tsx": {"path":"/Users/uchechisamuel/Downloads/react-case-study-main/src/components/filter-components/CategoryFilter.tsx","statementMap":{"0":{"start":{"line":20,"column":23},"end":{"line":50,"column":null}},"1":{"start":{"line":27,"column":2},"end":{"line":48,"column":null}},"2":{"start":{"line":38,"column":25},"end":{"line":38,"column":null}},"3":{"start":{"line":43,"column":10},"end":{"line":45,"column":null}}},"fnMap":{"0":{"name":"(anonymous_0)","decl":{"start":{"line":20,"column":23},"end":{"line":20,"column":24}},"loc":{"start":{"line":26,"column":27},"end":{"line":50,"column":null}},"line":26},"1":{"name":"(anonymous_1)","decl":{"start":{"line":38,"column":18},"end":{"line":38,"column":19}},"loc":{"start":{"line":38,"column":25},"end":{"line":38,"column":null}},"line":38},"2":{"name":"(anonymous_2)","decl":{"start":{"line":42,"column":24},"end":{"line":42,"column":25}},"loc":{"start":{"line":43,"column":10},"end":{"line":45,"column":null}},"line":43}},"branchMap":{"0":{"loc":{"start":{"line":24,"column":2},"end":{"line":24,"column":null}},"type":"default-arg","locations":[{"start":{"line":24,"column":10},"end":{"line":24,"column":null}}],"line":24},"1":{"loc":{"start":{"line":25,"column":2},"end":{"line":25,"column":null}},"type":"default-arg","locations":[{"start":{"line":25,"column":23},"end":{"line":25,"column":null}}],"line":25},"2":{"loc":{"start":{"line":44,"column":13},"end":{"line":44,"column":null}},"type":"cond-expr","locations":[{"start":{"line":44,"column":34},"end":{"line":44,"column":55}},{"start":{"line":44,"column":55},"end":{"line":44,"column":null}}],"line":44}},"s":{"0":2,"1":9,"2":1,"3":31},"f":{"0":9,"1":1,"2":31},"b":{"0":[9],"1":[9],"2":[9,22]},"meta":{"lastBranch":3,"lastFunction":3,"lastStatement":4,"seen":{"s:20:23:50:Infinity":0,"f:20:23:20:24":0,"b:24:10:24:Infinity":0,"b:25:23:25:Infinity":1,"s:27:2:48:Infinity":1,"f:38:18:38:19":1,"s:38:25:38:Infinity":2,"f:42:24:42:25":2,"s:43:10:45:Infinity":3,"b:44:34:44:55:44:55:44:Infinity":2}}}
,"/Users/uchechisamuel/Downloads/react-case-study-main/src/components/layout/Footer/Footer.tsx": {"path":"/Users/uchechisamuel/Downloads/react-case-study-main/src/components/layout/Footer/Footer.tsx","statementMap":{"0":{"start":{"line":2,"column":2},"end":{"line":20,"column":null}}},"fnMap":{"0":{"name":"Footer","decl":{"start":{"line":1,"column":24},"end":{"line":1,"column":33}},"loc":{"start":{"line":1,"column":33},"end":{"line":22,"column":null}},"line":1}},"branchMap":{},"s":{"0":2},"f":{"0":2},"b":{},"meta":{"lastBranch":0,"lastFunction":1,"lastStatement":1,"seen":{"f:1:24:1:33":0,"s:2:2:20:Infinity":0}}}
,"/Users/uchechisamuel/Downloads/react-case-study-main/src/components/layout/Header/Header.tsx": {"path":"/Users/uchechisamuel/Downloads/react-case-study-main/src/components/layout/Header/Header.tsx","statementMap":{"0":{"start":{"line":2,"column":2},"end":{"line":29,"column":null}}},"fnMap":{"0":{"name":"Header","decl":{"start":{"line":1,"column":24},"end":{"line":1,"column":33}},"loc":{"start":{"line":1,"column":33},"end":{"line":31,"column":null}},"line":1}},"branchMap":{},"s":{"0":3},"f":{"0":3},"b":{},"meta":{"lastBranch":0,"lastFunction":1,"lastStatement":1,"seen":{"f:1:24:1:33":0,"s:2:2:29:Infinity":0}}}
,"/Users/uchechisamuel/Downloads/react-case-study-main/src/components/layout/Sidebar/Sidebar.tsx": {"path":"/Users/uchechisamuel/Downloads/react-case-study-main/src/components/layout/Sidebar/Sidebar.tsx","statementMap":{"0":{"start":{"line":14,"column":16},"end":{"line":48,"column":null}},"1":{"start":{"line":15,"column":30},"end":{"line":18,"column":null}},"2":{"start":{"line":20,"column":2},"end":{"line":46,"column":null}},"3":{"start":{"line":31,"column":12},"end":{"line":42,"column":null}},"4":{"start":{"line":33,"column":29},"end":{"line":33,"column":null}}},"fnMap":{"0":{"name":"(anonymous_0)","decl":{"start":{"line":14,"column":16},"end":{"line":14,"column":17}},"loc":{"start":{"line":14,"column":63},"end":{"line":48,"column":null}},"line":14},"1":{"name":"(anonymous_1)","decl":{"start":{"line":30,"column":24},"end":{"line":30,"column":25}},"loc":{"start":{"line":31,"column":12},"end":{"line":42,"column":null}},"line":31},"2":{"name":"(anonymous_2)","decl":{"start":{"line":33,"column":23},"end":{"line":33,"column":29}},"loc":{"start":{"line":33,"column":29},"end":{"line":33,"column":null}},"line":33}},"branchMap":{"0":{"loc":{"start":{"line":35,"column":16},"end":{"line":37,"column":null}},"type":"cond-expr","locations":[{"start":{"line":36,"column":20},"end":{"line":36,"column":null}},{"start":{"line":37,"column":20},"end":{"line":37,"column":null}}],"line":35}},"s":{"0":1,"1":3,"2":3,"3":6,"4":1},"f":{"0":3,"1":6,"2":1},"b":{"0":[3,3]},"meta":{"lastBranch":1,"lastFunction":3,"lastStatement":5,"seen":{"s:14:16:48:Infinity":0,"f:14:16:14:17":0,"s:15:30:18:Infinity":1,"s:20:2:46:Infinity":2,"f:30:24:30:25":1,"s:31:12:42:Infinity":3,"f:33:23:33:29":2,"s:33:29:33:Infinity":4,"b:36:20:36:Infinity:37:20:37:Infinity":0}}}
,"/Users/uchechisamuel/Downloads/react-case-study-main/src/components/pagination/Pagination.tsx": {"path":"/Users/uchechisamuel/Downloads/react-case-study-main/src/components/pagination/Pagination.tsx","statementMap":{"0":{"start":{"line":9,"column":19},"end":{"line":76,"column":null}},"1":{"start":{"line":10,"column":16},"end":{"line":10,"column":null}},"2":{"start":{"line":10,"column":61},"end":{"line":10,"column":66}},"3":{"start":{"line":13,"column":26},"end":{"line":26,"column":null}},"4":{"start":{"line":14,"column":23},"end":{"line":14,"column":null}},"5":{"start":{"line":15,"column":4},"end":{"line":15,"column":null}},"6":{"start":{"line":15,"column":34},"end":{"line":15,"column":null}},"7":{"start":{"line":17,"column":24},"end":{"line":17,"column":null}},"8":{"start":{"line":18,"column":16},"end":{"line":18,"column":null}},"9":{"start":{"line":19,"column":14},"end":{"line":19,"column":null}},"10":{"start":{"line":21,"column":4},"end":{"line":23,"column":null}},"11":{"start":{"line":22,"column":6},"end":{"line":22,"column":null}},"12":{"start":{"line":25,"column":4},"end":{"line":25,"column":null}},"13":{"start":{"line":28,"column":23},"end":{"line":28,"column":null}},"14":{"start":{"line":30,"column":2},"end":{"line":74,"column":null}},"15":{"start":{"line":37,"column":23},"end":{"line":37,"column":null}},"16":{"start":{"line":49,"column":10},"end":{"line":61,"column":null}},"17":{"start":{"line":51,"column":27},"end":{"line":51,"column":null}},"18":{"start":{"line":66,"column":23},"end":{"line":66,"column":null}}},"fnMap":{"0":{"name":"(anonymous_0)","decl":{"start":{"line":9,"column":19},"end":{"line":9,"column":20}},"loc":{"start":{"line":9,"column":83},"end":{"line":76,"column":null}},"line":9},"1":{"name":"(anonymous_1)","decl":{"start":{"line":10,"column":51},"end":{"line":10,"column":52}},"loc":{"start":{"line":10,"column":61},"end":{"line":10,"column":66}},"line":10},"2":{"name":"(anonymous_2)","decl":{"start":{"line":13,"column":26},"end":{"line":13,"column":32}},"loc":{"start":{"line":13,"column":32},"end":{"line":26,"column":null}},"line":13},"3":{"name":"(anonymous_3)","decl":{"start":{"line":37,"column":17},"end":{"line":37,"column":23}},"loc":{"start":{"line":37,"column":23},"end":{"line":37,"column":null}},"line":37},"4":{"name":"(anonymous_4)","decl":{"start":{"line":48,"column":26},"end":{"line":48,"column":27}},"loc":{"start":{"line":49,"column":10},"end":{"line":61,"column":null}},"line":49},"5":{"name":"(anonymous_5)","decl":{"start":{"line":51,"column":21},"end":{"line":51,"column":27}},"loc":{"start":{"line":51,"column":27},"end":{"line":51,"column":null}},"line":51},"6":{"name":"(anonymous_6)","decl":{"start":{"line":66,"column":17},"end":{"line":66,"column":23}},"loc":{"start":{"line":66,"column":23},"end":{"line":66,"column":null}},"line":66}},"branchMap":{"0":{"loc":{"start":{"line":15,"column":4},"end":{"line":15,"column":null}},"type":"if","locations":[{"start":{"line":15,"column":4},"end":{"line":15,"column":null}},{"start":{},"end":{}}],"line":15},"1":{"loc":{"start":{"line":21,"column":4},"end":{"line":23,"column":null}},"type":"if","locations":[{"start":{"line":21,"column":4},"end":{"line":23,"column":null}},{"start":{},"end":{}}],"line":21},"2":{"loc":{"start":{"line":53,"column":14},"end":{"line":55,"column":null}},"type":"cond-expr","locations":[{"start":{"line":54,"column":18},"end":{"line":54,"column":null}},{"start":{"line":55,"column":18},"end":{"line":55,"column":null}}],"line":53},"3":{"loc":{"start":{"line":57,"column":27},"end":{"line":57,"column":71}},"type":"cond-expr","locations":[{"start":{"line":57,"column":50},"end":{"line":57,"column":69}},{"start":{"line":57,"column":69},"end":{"line":57,"column":71}}],"line":57},"4":{"loc":{"start":{"line":58,"column":26},"end":{"line":58,"column":null}},"type":"cond-expr","locations":[{"start":{"line":58,"column":49},"end":{"line":58,"column":58}},{"start":{"line":58,"column":58},"end":{"line":58,"column":null}}],"line":58}},"s":{"0":2,"1":6,"2":24,"3":6,"4":6,"5":6,"6":6,"7":0,"8":0,"9":0,"10":0,"11":0,"12":0,"13":6,"14":6,"15":0,"16":24,"17":1,"18":0},"f":{"0":6,"1":24,"2":6,"3":0,"4":24,"5":1,"6":0},"b":{"0":[6,0],"1":[0,0],"2":[6,18],"3":[6,18],"4":[6,18]},"meta":{"lastBranch":5,"lastFunction":7,"lastStatement":19,"seen":{"s:9:19:76:Infinity":0,"f:9:19:9:20":0,"s:10:16:10:Infinity":1,"f:10:51:10:52":1,"s:10:61:10:66":2,"s:13:26:26:Infinity":3,"f:13:26:13:32":2,"s:14:23:14:Infinity":4,"b:15:4:15:Infinity:undefined:undefined:undefined:undefined":0,"s:15:4:15:Infinity":5,"s:15:34:15:Infinity":6,"s:17:24:17:Infinity":7,"s:18:16:18:Infinity":8,"s:19:14:19:Infinity":9,"b:21:4:23:Infinity:undefined:undefined:undefined:undefined":1,"s:21:4:23:Infinity":10,"s:22:6:22:Infinity":11,"s:25:4:25:Infinity":12,"s:28:23:28:Infinity":13,"s:30:2:74:Infinity":14,"f:37:17:37:23":3,"s:37:23:37:Infinity":15,"f:48:26:48:27":4,"s:49:10:61:Infinity":16,"f:51:21:51:27":5,"s:51:27:51:Infinity":17,"b:54:18:54:Infinity:55:18:55:Infinity":2,"b:57:50:57:69:57:69:57:71":3,"b:58:49:58:58:58:58:58:Infinity":4,"f:66:17:66:23":6,"s:66:23:66:Infinity":18}}}
,"/Users/uchechisamuel/Downloads/react-case-study-main/src/components/skeletons/CardSkeleton/CardSkeleton.tsx": {"path":"/Users/uchechisamuel/Downloads/react-case-study-main/src/components/skeletons/CardSkeleton/CardSkeleton.tsx","statementMap":{"0":{"start":{"line":7,"column":21},"end":{"line":44,"column":null}},"1":{"start":{"line":9,"column":24},"end":{"line":9,"column":null}},"2":{"start":{"line":9,"column":61},"end":{"line":9,"column":62}},"3":{"start":{"line":11,"column":2},"end":{"line":42,"column":null}},"4":{"start":{"line":14,"column":8},"end":{"line":40,"column":null}}},"fnMap":{"0":{"name":"(anonymous_0)","decl":{"start":{"line":7,"column":21},"end":{"line":7,"column":27}},"loc":{"start":{"line":7,"column":27},"end":{"line":44,"column":null}},"line":7},"1":{"name":"(anonymous_1)","decl":{"start":{"line":9,"column":51},"end":{"line":9,"column":52}},"loc":{"start":{"line":9,"column":61},"end":{"line":9,"column":62}},"line":9},"2":{"name":"(anonymous_2)","decl":{"start":{"line":13,"column":25},"end":{"line":13,"column":26}},"loc":{"start":{"line":14,"column":8},"end":{"line":40,"column":null}},"line":14}},"branchMap":{},"s":{"0":2,"1":5,"2":50,"3":5,"4":50},"f":{"0":5,"1":50,"2":50},"b":{},"meta":{"lastBranch":0,"lastFunction":3,"lastStatement":5,"seen":{"s:7:21:44:Infinity":0,"f:7:21:7:27":0,"s:9:24:9:Infinity":1,"f:9:51:9:52":1,"s:9:61:9:62":2,"s:11:2:42:Infinity":3,"f:13:25:13:26":2,"s:14:8:40:Infinity":4}}}
,"/Users/uchechisamuel/Downloads/react-case-study-main/src/components/skeletons/CardSkeleton/index.ts": {"path":"/Users/uchechisamuel/Downloads/react-case-study-main/src/components/skeletons/CardSkeleton/index.ts","statementMap":{},"fnMap":{},"branchMap":{},"s":{},"f":{},"b":{},"meta":{"lastBranch":0,"lastFunction":0,"lastStatement":0,"seen":{}}}
,"/Users/uchechisamuel/Downloads/react-case-study-main/src/components/skeletons/TableSkeleton/TableSkeleton.tsx": {"path":"/Users/uchechisamuel/Downloads/react-case-study-main/src/components/skeletons/TableSkeleton/TableSkeleton.tsx","statementMap":{"0":{"start":{"line":7,"column":22},"end":{"line":53,"column":null}},"1":{"start":{"line":9,"column":23},"end":{"line":9,"column":null}},"2":{"start":{"line":9,"column":60},"end":{"line":9,"column":61}},"3":{"start":{"line":11,"column":2},"end":{"line":51,"column":null}},"4":{"start":{"line":33,"column":14},"end":{"line":46,"column":null}}},"fnMap":{"0":{"name":"(anonymous_0)","decl":{"start":{"line":7,"column":22},"end":{"line":7,"column":28}},"loc":{"start":{"line":7,"column":28},"end":{"line":53,"column":null}},"line":7},"1":{"name":"(anonymous_1)","decl":{"start":{"line":9,"column":50},"end":{"line":9,"column":51}},"loc":{"start":{"line":9,"column":60},"end":{"line":9,"column":61}},"line":9},"2":{"name":"(anonymous_2)","decl":{"start":{"line":32,"column":30},"end":{"line":32,"column":31}},"loc":{"start":{"line":33,"column":14},"end":{"line":46,"column":null}},"line":33}},"branchMap":{},"s":{"0":2,"1":5,"2":50,"3":5,"4":50},"f":{"0":5,"1":50,"2":50},"b":{},"meta":{"lastBranch":0,"lastFunction":3,"lastStatement":5,"seen":{"s:7:22:53:Infinity":0,"f:7:22:7:28":0,"s:9:23:9:Infinity":1,"f:9:50:9:51":1,"s:9:60:9:61":2,"s:11:2:51:Infinity":3,"f:32:30:32:31":2,"s:33:14:46:Infinity":4}}}
,"/Users/uchechisamuel/Downloads/react-case-study-main/src/components/skeletons/TableSkeleton/index.ts": {"path":"/Users/uchechisamuel/Downloads/react-case-study-main/src/components/skeletons/TableSkeleton/index.ts","statementMap":{},"fnMap":{},"branchMap":{},"s":{},"f":{},"b":{},"meta":{"lastBranch":0,"lastFunction":0,"lastStatement":0,"seen":{}}}
,"/Users/uchechisamuel/Downloads/react-case-study-main/src/components/table-components/mobile-components/mobile-sort-control/MobileSortControl.tsx": {"path":"/Users/uchechisamuel/Downloads/react-case-study-main/src/components/table-components/mobile-components/mobile-sort-control/MobileSortControl.tsx","statementMap":{"0":{"start":{"line":12,"column":63},"end":{"line":17,"column":null}},"1":{"start":{"line":19,"column":33},"end":{"line":71,"column":null}},"2":{"start":{"line":24,"column":23},"end":{"line":26,"column":null}},"3":{"start":{"line":25,"column":4},"end":{"line":25,"column":null}},"4":{"start":{"line":28,"column":32},"end":{"line":32,"column":null}},"5":{"start":{"line":29,"column":4},"end":{"line":31,"column":null}},"6":{"start":{"line":30,"column":6},"end":{"line":30,"column":null}},"7":{"start":{"line":34,"column":2},"end":{"line":69,"column":null}},"8":{"start":{"line":43,"column":27},"end":{"line":43,"column":null}},"9":{"start":{"line":48,"column":12},"end":{"line":50,"column":null}}},"fnMap":{"0":{"name":"(anonymous_0)","decl":{"start":{"line":19,"column":33},"end":{"line":19,"column":34}},"loc":{"start":{"line":23,"column":30},"end":{"line":71,"column":null}},"line":23},"1":{"name":"(anonymous_1)","decl":{"start":{"line":24,"column":23},"end":{"line":24,"column":24}},"loc":{"start":{"line":24,"column":42},"end":{"line":26,"column":null}},"line":24},"2":{"name":"(anonymous_2)","decl":{"start":{"line":28,"column":32},"end":{"line":28,"column":38}},"loc":{"start":{"line":28,"column":38},"end":{"line":32,"column":null}},"line":28},"3":{"name":"(anonymous_3)","decl":{"start":{"line":43,"column":20},"end":{"line":43,"column":21}},"loc":{"start":{"line":43,"column":27},"end":{"line":43,"column":null}},"line":43},"4":{"name":"(anonymous_4)","decl":{"start":{"line":47,"column":27},"end":{"line":47,"column":28}},"loc":{"start":{"line":48,"column":12},"end":{"line":50,"column":null}},"line":48}},"branchMap":{"0":{"loc":{"start":{"line":29,"column":4},"end":{"line":31,"column":null}},"type":"if","locations":[{"start":{"line":29,"column":4},"end":{"line":31,"column":null}},{"start":{},"end":{}}],"line":29},"1":{"loc":{"start":{"line":42,"column":17},"end":{"line":42,"column":null}},"type":"binary-expr","locations":[{"start":{"line":42,"column":17},"end":{"line":42,"column":31}},{"start":{"line":42,"column":31},"end":{"line":42,"column":null}}],"line":42},"2":{"loc":{"start":{"line":53,"column":9},"end":{"line":66,"column":null}},"type":"binary-expr","locations":[{"start":{"line":53,"column":9},"end":{"line":53,"column":null}},{"start":{"line":54,"column":10},"end":{"line":66,"column":null}}],"line":53},"3":{"loc":{"start":{"line":58,"column":14},"end":{"line":58,"column":null}},"type":"cond-expr","locations":[{"start":{"line":58,"column":40},"end":{"line":58,"column":54}},{"start":{"line":58,"column":54},"end":{"line":58,"column":null}}],"line":58},"4":{"loc":{"start":{"line":61,"column":13},"end":{"line":64,"column":null}},"type":"cond-expr","locations":[{"start":{"line":62,"column":14},"end":{"line":62,"column":null}},{"start":{"line":64,"column":14},"end":{"line":64,"column":null}}],"line":61}},"s":{"0":3,"1":3,"2":8,"3":1,"4":8,"5":1,"6":1,"7":8,"8":1,"9":32},"f":{"0":8,"1":1,"2":1,"3":1,"4":32},"b":{"0":[1,0],"1":[8,6],"2":[8,2],"3":[2,0],"4":[2,0]},"meta":{"lastBranch":5,"lastFunction":5,"lastStatement":10,"seen":{"s:12:63:17:Infinity":0,"s:19:33:71:Infinity":1,"f:19:33:19:34":0,"s:24:23:26:Infinity":2,"f:24:23:24:24":1,"s:25:4:25:Infinity":3,"s:28:32:32:Infinity":4,"f:28:32:28:38":2,"b:29:4:31:Infinity:undefined:undefined:undefined:undefined":0,"s:29:4:31:Infinity":5,"s:30:6:30:Infinity":6,"s:34:2:69:Infinity":7,"b:42:17:42:31:42:31:42:Infinity":1,"f:43:20:43:21":3,"s:43:27:43:Infinity":8,"f:47:27:47:28":4,"s:48:12:50:Infinity":9,"b:53:9:53:Infinity:54:10:66:Infinity":2,"b:58:40:58:54:58:54:58:Infinity":3,"b:62:14:62:Infinity:64:14:64:Infinity":4}}}
,"/Users/uchechisamuel/Downloads/react-case-study-main/src/components/table-components/mobile-components/mobile-sort-control/index.ts": {"path":"/Users/uchechisamuel/Downloads/react-case-study-main/src/components/table-components/mobile-components/mobile-sort-control/index.ts","statementMap":{},"fnMap":{},"branchMap":{},"s":{},"f":{},"b":{},"meta":{"lastBranch":0,"lastFunction":0,"lastStatement":0,"seen":{}}}
,"/Users/uchechisamuel/Downloads/react-case-study-main/src/components/table-components/mobile-components/product-card/ProductCard.tsx": {"path":"/Users/uchechisamuel/Downloads/react-case-study-main/src/components/table-components/mobile-components/product-card/ProductCard.tsx","statementMap":{"0":{"start":{"line":7,"column":27},"end":{"line":40,"column":null}},"1":{"start":{"line":8,"column":2},"end":{"line":38,"column":null}}},"fnMap":{"0":{"name":"(anonymous_0)","decl":{"start":{"line":7,"column":27},"end":{"line":7,"column":28}},"loc":{"start":{"line":7,"column":62},"end":{"line":40,"column":null}},"line":7}},"branchMap":{},"s":{"0":3,"1":9},"f":{"0":9},"b":{},"meta":{"lastBranch":0,"lastFunction":1,"lastStatement":2,"seen":{"s:7:27:40:Infinity":0,"f:7:27:7:28":0,"s:8:2:38:Infinity":1}}}
,"/Users/uchechisamuel/Downloads/react-case-study-main/src/components/table-components/sortable-header/SortableHeader.tsx": {"path":"/Users/uchechisamuel/Downloads/react-case-study-main/src/components/table-components/sortable-header/SortableHeader.tsx","statementMap":{"0":{"start":{"line":13,"column":30},"end":{"line":68,"column":null}},"1":{"start":{"line":20,"column":19},"end":{"line":20,"column":null}},"2":{"start":{"line":22,"column":24},"end":{"line":27,"column":null}},"3":{"start":{"line":23,"column":4},"end":{"line":26,"column":null}},"4":{"start":{"line":24,"column":6},"end":{"line":24,"column":null}},"5":{"start":{"line":25,"column":6},"end":{"line":25,"column":null}},"6":{"start":{"line":29,"column":23},"end":{"line":32,"column":null}},"7":{"start":{"line":30,"column":4},"end":{"line":30,"column":null}},"8":{"start":{"line":30,"column":19},"end":{"line":30,"column":null}},"9":{"start":{"line":31,"column":4},"end":{"line":31,"column":null}},"10":{"start":{"line":34,"column":23},"end":{"line":42,"column":null}},"11":{"start":{"line":35,"column":23},"end":{"line":35,"column":null}},"12":{"start":{"line":36,"column":4},"end":{"line":38,"column":null}},"13":{"start":{"line":37,"column":6},"end":{"line":37,"column":null}},"14":{"start":{"line":39,"column":4},"end":{"line":41,"column":null}},"15":{"start":{"line":44,"column":2},"end":{"line":66,"column":null}},"16":{"start":{"line":47,"column":21},"end":{"line":47,"column":null}}},"fnMap":{"0":{"name":"(anonymous_0)","decl":{"start":{"line":13,"column":30},"end":{"line":13,"column":35}},"loc":{"start":{"line":19,"column":30},"end":{"line":68,"column":null}},"line":19},"1":{"name":"(anonymous_1)","decl":{"start":{"line":22,"column":24},"end":{"line":22,"column":25}},"loc":{"start":{"line":22,"column":52},"end":{"line":27,"column":null}},"line":22},"2":{"name":"(anonymous_2)","decl":{"start":{"line":29,"column":23},"end":{"line":29,"column":29}},"loc":{"start":{"line":29,"column":29},"end":{"line":32,"column":null}},"line":29},"3":{"name":"(anonymous_3)","decl":{"start":{"line":34,"column":23},"end":{"line":34,"column":29}},"loc":{"start":{"line":34,"column":29},"end":{"line":42,"column":null}},"line":34},"4":{"name":"(anonymous_4)","decl":{"start":{"line":47,"column":15},"end":{"line":47,"column":21}},"loc":{"start":{"line":47,"column":21},"end":{"line":47,"column":null}},"line":47}},"branchMap":{"0":{"loc":{"start":{"line":23,"column":4},"end":{"line":26,"column":null}},"type":"if","locations":[{"start":{"line":23,"column":4},"end":{"line":26,"column":null}},{"start":{},"end":{}}],"line":23},"1":{"loc":{"start":{"line":23,"column":8},"end":{"line":23,"column":44}},"type":"binary-expr","locations":[{"start":{"line":23,"column":8},"end":{"line":23,"column":29}},{"start":{"line":23,"column":29},"end":{"line":23,"column":44}}],"line":23},"2":{"loc":{"start":{"line":30,"column":4},"end":{"line":30,"column":null}},"type":"if","locations":[{"start":{"line":30,"column":4},"end":{"line":30,"column":null}},{"start":{},"end":{}}],"line":30},"3":{"loc":{"start":{"line":31,"column":11},"end":{"line":31,"column":null}},"type":"cond-expr","locations":[{"start":{"line":31,"column":33},"end":{"line":31,"column":47}},{"start":{"line":31,"column":47},"end":{"line":31,"column":null}}],"line":31},"4":{"loc":{"start":{"line":36,"column":4},"end":{"line":38,"column":null}},"type":"if","locations":[{"start":{"line":36,"column":4},"end":{"line":38,"column":null}},{"start":{},"end":{}}],"line":36},"5":{"loc":{"start":{"line":40,"column":6},"end":{"line":40,"column":null}},"type":"cond-expr","locations":[{"start":{"line":40,"column":28},"end":{"line":40,"column":42}},{"start":{"line":40,"column":42},"end":{"line":40,"column":null}}],"line":40},"6":{"loc":{"start":{"line":56,"column":9},"end":{"line":63,"column":null}},"type":"cond-expr","locations":[{"start":{"line":57,"column":10},"end":{"line":60,"column":null}},{"start":{"line":63,"column":10},"end":{"line":63,"column":null}}],"line":56},"7":{"loc":{"start":{"line":57,"column":10},"end":{"line":60,"column":null}},"type":"cond-expr","locations":[{"start":{"line":58,"column":12},"end":{"line":58,"column":null}},{"start":{"line":60,"column":12},"end":{"line":60,"column":null}}],"line":57}},"s":{"0":3,"1":21,"2":21,"3":1,"4":1,"5":1,"6":21,"7":21,"8":19,"9":2,"10":21,"11":21,"12":21,"13":19,"14":2,"15":21,"16":1},"f":{"0":21,"1":1,"2":21,"3":21,"4":1},"b":{"0":[1,0],"1":[1,0],"2":[19,2],"3":[1,1],"4":[19,2],"5":[1,1],"6":[2,19],"7":[1,1]},"meta":{"lastBranch":8,"lastFunction":5,"lastStatement":17,"seen":{"s:13:30:68:Infinity":0,"f:13:30:13:35":0,"s:20:19:20:Infinity":1,"s:22:24:27:Infinity":2,"f:22:24:22:25":1,"b:23:4:26:Infinity:undefined:undefined:undefined:undefined":0,"s:23:4:26:Infinity":3,"b:23:8:23:29:23:29:23:44":1,"s:24:6:24:Infinity":4,"s:25:6:25:Infinity":5,"s:29:23:32:Infinity":6,"f:29:23:29:29":2,"b:30:4:30:Infinity:undefined:undefined:undefined:undefined":2,"s:30:4:30:Infinity":7,"s:30:19:30:Infinity":8,"s:31:4:31:Infinity":9,"b:31:33:31:47:31:47:31:Infinity":3,"s:34:23:42:Infinity":10,"f:34:23:34:29":3,"s:35:23:35:Infinity":11,"b:36:4:38:Infinity:undefined:undefined:undefined:undefined":4,"s:36:4:38:Infinity":12,"s:37:6:37:Infinity":13,"s:39:4:41:Infinity":14,"b:40:28:40:42:40:42:40:Infinity":5,"s:44:2:66:Infinity":15,"f:47:15:47:21":4,"s:47:21:47:Infinity":16,"b:57:10:60:Infinity:63:10:63:Infinity":6,"b:58:12:58:Infinity:60:12:60:Infinity":7}}}
,"/Users/uchechisamuel/Downloads/react-case-study-main/src/components/table-components/table/Table.tsx": {"path":"/Users/uchechisamuel/Downloads/react-case-study-main/src/components/table-components/table/Table.tsx","statementMap":{"0":{"start":{"line":14,"column":14},"end":{"line":105,"column":null}},"1":{"start":{"line":15,"column":2},"end":{"line":103,"column":null}},"2":{"start":{"line":66,"column":16},"end":{"line":90,"column":null}},"3":{"start":{"line":100,"column":10},"end":{"line":100,"column":null}}},"fnMap":{"0":{"name":"(anonymous_0)","decl":{"start":{"line":14,"column":14},"end":{"line":14,"column":15}},"loc":{"start":{"line":14,"column":79},"end":{"line":105,"column":null}},"line":14},"1":{"name":"(anonymous_1)","decl":{"start":{"line":65,"column":28},"end":{"line":65,"column":29}},"loc":{"start":{"line":66,"column":16},"end":{"line":90,"column":null}},"line":66},"2":{"name":"(anonymous_2)","decl":{"start":{"line":99,"column":22},"end":{"line":99,"column":23}},"loc":{"start":{"line":100,"column":10},"end":{"line":100,"column":null}},"line":100}},"branchMap":{},"s":{"0":2,"1":4,"2":8,"3":8},"f":{"0":4,"1":8,"2":8},"b":{},"meta":{"lastBranch":0,"lastFunction":3,"lastStatement":4,"seen":{"s:14:14:105:Infinity":0,"f:14:14:14:15":0,"s:15:2:103:Infinity":1,"f:65:28:65:29":1,"s:66:16:90:Infinity":2,"f:99:22:99:23":2,"s:100:10:100:Infinity":3}}}
,"/Users/uchechisamuel/Downloads/react-case-study-main/src/data/products.json": {"path":"/Users/uchechisamuel/Downloads/react-case-study-main/src/data/products.json","statementMap":{},"fnMap":{},"branchMap":{},"s":{},"f":{},"b":{},"meta":{"lastBranch":0,"lastFunction":0,"lastStatement":0,"seen":{}}}
,"/Users/uchechisamuel/Downloads/react-case-study-main/src/hooks/usePagination/index.ts": {"path":"/Users/uchechisamuel/Downloads/react-case-study-main/src/hooks/usePagination/index.ts","statementMap":{},"fnMap":{},"branchMap":{},"s":{},"f":{},"b":{},"meta":{"lastBranch":0,"lastFunction":0,"lastStatement":0,"seen":{}}}
,"/Users/uchechisamuel/Downloads/react-case-study-main/src/hooks/usePagination/usePagination.ts": {"path":"/Users/uchechisamuel/Downloads/react-case-study-main/src/hooks/usePagination/usePagination.ts","statementMap":{"0":{"start":{"line":20,"column":29},"end":{"line":58,"column":null}},"1":{"start":{"line":24,"column":36},"end":{"line":24,"column":null}},"2":{"start":{"line":26,"column":21},"end":{"line":26,"column":null}},"3":{"start":{"line":29,"column":2},"end":{"line":31,"column":null}},"4":{"start":{"line":30,"column":4},"end":{"line":30,"column":null}},"5":{"start":{"line":33,"column":46},"end":{"line":42,"column":null}},"6":{"start":{"line":34,"column":10},"end":{"line":34,"column":null}},"7":{"start":{"line":35,"column":16},"end":{"line":35,"column":null}},"8":{"start":{"line":37,"column":4},"end":{"line":41,"column":null}},"9":{"start":{"line":45,"column":8},"end":{"line":47,"column":null}},"10":{"start":{"line":46,"column":4},"end":{"line":46,"column":null}},"11":{"start":{"line":49,"column":2},"end":{"line":57,"column":null}}},"fnMap":{"0":{"name":"(anonymous_0)","decl":{"start":{"line":20,"column":29},"end":{"line":20,"column":null}},"loc":{"start":{"line":23,"column":29},"end":{"line":58,"column":null}},"line":23},"1":{"name":"(anonymous_1)","decl":{"start":{"line":29,"column":12},"end":{"line":29,"column":18}},"loc":{"start":{"line":29,"column":18},"end":{"line":31,"column":5}},"line":29},"2":{"name":"(anonymous_2)","decl":{"start":{"line":33,"column":58},"end":{"line":33,"column":64}},"loc":{"start":{"line":33,"column":64},"end":{"line":42,"column":5}},"line":33},"3":{"name":"(anonymous_3)","decl":{"start":{"line":45,"column":45},"end":{"line":45,"column":46}},"loc":{"start":{"line":45,"column":63},"end":{"line":47,"column":5}},"line":45}},"branchMap":{"0":{"loc":{"start":{"line":22,"column":2},"end":{"line":22,"column":null}},"type":"default-arg","locations":[{"start":{"line":22,"column":17},"end":{"line":22,"column":null}}],"line":22},"1":{"loc":{"start":{"line":39,"column":18},"end":{"line":39,"column":null}},"type":"cond-expr","locations":[{"start":{"line":39,"column":36},"end":{"line":39,"column":48}},{"start":{"line":39,"column":48},"end":{"line":39,"column":null}}],"line":39}},"s":{"0":2,"1":10,"2":10,"3":10,"4":7,"5":10,"6":10,"7":10,"8":10,"9":10,"10":2,"11":10},"f":{"0":10,"1":7,"2":10,"3":2},"b":{"0":[10],"1":[10,0]},"meta":{"lastBranch":2,"lastFunction":4,"lastStatement":12,"seen":{"s:20:29:58:Infinity":0,"f:20:29:20:Infinity":0,"b:22:17:22:Infinity":0,"s:24:36:24:Infinity":1,"s:26:21:26:Infinity":2,"s:29:2:31:Infinity":3,"f:29:12:29:18":1,"s:30:4:30:Infinity":4,"s:33:46:42:Infinity":5,"f:33:58:33:64":2,"s:34:10:34:Infinity":6,"s:35:16:35:Infinity":7,"s:37:4:41:Infinity":8,"b:39:36:39:48:39:48:39:Infinity":1,"s:45:8:47:Infinity":9,"f:45:45:45:46":3,"s:46:4:46:Infinity":10,"s:49:2:57:Infinity":11}}}
,"/Users/uchechisamuel/Downloads/react-case-study-main/src/hooks/useProductsData/useProductsData.ts": {"path":"/Users/uchechisamuel/Downloads/react-case-study-main/src/hooks/useProductsData/useProductsData.ts","statementMap":{"0":{"start":{"line":21,"column":31},"end":{"line":117,"column":null}},"1":{"start":{"line":23,"column":46},"end":{"line":23,"column":null}},"2":{"start":{"line":24,"column":40},"end":{"line":24,"column":null}},"3":{"start":{"line":25,"column":46},"end":{"line":25,"column":null}},"4":{"start":{"line":26,"column":28},"end":{"line":26,"column":null}},"5":{"start":{"line":29,"column":8},"end":{"line":32,"column":null}},"6":{"start":{"line":29,"column":35},"end":{"line":32,"column":5}},"7":{"start":{"line":31,"column":35},"end":{"line":31,"column":45}},"8":{"start":{"line":35,"column":8},"end":{"line":40,"column":null}},"9":{"start":{"line":36,"column":4},"end":{"line":38,"column":null}},"10":{"start":{"line":38,"column":31},"end":{"line":38,"column":62}},"11":{"start":{"line":43,"column":28},"end":{"line":43,"column":null}},"12":{"start":{"line":44,"column":60},"end":{"line":45,"column":null}},"13":{"start":{"line":56,"column":2},"end":{"line":56,"column":null}},"14":{"start":{"line":59,"column":2},"end":{"line":66,"column":null}},"15":{"start":{"line":60,"column":4},"end":{"line":65,"column":null}},"16":{"start":{"line":61,"column":6},"end":{"line":61,"column":null}},"17":{"start":{"line":62,"column":6},"end":{"line":62,"column":null}},"18":{"start":{"line":64,"column":6},"end":{"line":64,"column":null}},"19":{"start":{"line":69,"column":2},"end":{"line":73,"column":null}},"20":{"start":{"line":70,"column":4},"end":{"line":72,"column":null}},"21":{"start":{"line":71,"column":6},"end":{"line":71,"column":null}},"22":{"start":{"line":76,"column":2},"end":{"line":80,"column":null}},"23":{"start":{"line":77,"column":4},"end":{"line":79,"column":null}},"24":{"start":{"line":78,"column":6},"end":{"line":78,"column":null}},"25":{"start":{"line":83,"column":8},"end":{"line":85,"column":null}},"26":{"start":{"line":84,"column":4},"end":{"line":84,"column":null}},"27":{"start":{"line":87,"column":8},"end":{"line":89,"column":null}},"28":{"start":{"line":88,"column":4},"end":{"line":88,"column":null}},"29":{"start":{"line":91,"column":8},"end":{"line":93,"column":null}},"30":{"start":{"line":92,"column":4},"end":{"line":92,"column":null}},"31":{"start":{"line":95,"column":2},"end":{"line":116,"column":null}}},"fnMap":{"0":{"name":"(anonymous_0)","decl":{"start":{"line":21,"column":31},"end":{"line":21,"column":32}},"loc":{"start":{"line":21,"column":71},"end":{"line":117,"column":null}},"line":21},"1":{"name":"(anonymous_1)","decl":{"start":{"line":29,"column":29},"end":{"line":29,"column":35}},"loc":{"start":{"line":29,"column":35},"end":{"line":32,"column":5}},"line":29},"2":{"name":"(anonymous_2)","decl":{"start":{"line":31,"column":28},"end":{"line":31,"column":29}},"loc":{"start":{"line":31,"column":35},"end":{"line":31,"column":45}},"line":31},"3":{"name":"(anonymous_3)","decl":{"start":{"line":35,"column":35},"end":{"line":35,"column":null}},"loc":{"start":{"line":36,"column":4},"end":{"line":38,"column":null}},"line":36},"4":{"name":"(anonymous_4)","decl":{"start":{"line":38,"column":24},"end":{"line":38,"column":25}},"loc":{"start":{"line":38,"column":31},"end":{"line":38,"column":62}},"line":38},"5":{"name":"(anonymous_5)","decl":{"start":{"line":59,"column":12},"end":{"line":59,"column":18}},"loc":{"start":{"line":59,"column":18},"end":{"line":66,"column":5}},"line":59},"6":{"name":"(anonymous_6)","decl":{"start":{"line":69,"column":12},"end":{"line":69,"column":18}},"loc":{"start":{"line":69,"column":18},"end":{"line":73,"column":5}},"line":69},"7":{"name":"(anonymous_7)","decl":{"start":{"line":76,"column":12},"end":{"line":76,"column":18}},"loc":{"start":{"line":76,"column":18},"end":{"line":80,"column":5}},"line":76},"8":{"name":"(anonymous_8)","decl":{"start":{"line":83,"column":43},"end":{"line":83,"column":44}},"loc":{"start":{"line":83,"column":65},"end":{"line":85,"column":5}},"line":83},"9":{"name":"(anonymous_9)","decl":{"start":{"line":87,"column":39},"end":{"line":87,"column":40}},"loc":{"start":{"line":87,"column":66},"end":{"line":89,"column":5}},"line":87},"10":{"name":"(anonymous_10)","decl":{"start":{"line":91,"column":39},"end":{"line":91,"column":40}},"loc":{"start":{"line":91,"column":57},"end":{"line":93,"column":5}},"line":91}},"branchMap":{"0":{"loc":{"start":{"line":36,"column":4},"end":{"line":38,"column":null}},"type":"cond-expr","locations":[{"start":{"line":37,"column":8},"end":{"line":37,"column":null}},{"start":{"line":38,"column":8},"end":{"line":38,"column":null}}],"line":36},"1":{"loc":{"start":{"line":43,"column":28},"end":{"line":43,"column":null}},"type":"cond-expr","locations":[{"start":{"line":43,"column":45},"end":{"line":43,"column":79}},{"start":{"line":43,"column":79},"end":{"line":43,"column":null}}],"line":43},"2":{"loc":{"start":{"line":60,"column":4},"end":{"line":65,"column":null}},"type":"if","locations":[{"start":{"line":60,"column":4},"end":{"line":65,"column":null}},{"start":{"line":63,"column":11},"end":{"line":65,"column":null}}],"line":60},"3":{"loc":{"start":{"line":70,"column":4},"end":{"line":72,"column":null}},"type":"if","locations":[{"start":{"line":70,"column":4},"end":{"line":72,"column":null}},{"start":{},"end":{}}],"line":70},"4":{"loc":{"start":{"line":77,"column":4},"end":{"line":79,"column":null}},"type":"if","locations":[{"start":{"line":77,"column":4},"end":{"line":79,"column":null}},{"start":{},"end":{}}],"line":77},"5":{"loc":{"start":{"line":77,"column":8},"end":{"line":77,"column":73}},"type":"binary-expr","locations":[{"start":{"line":77,"column":8},"end":{"line":77,"column":23}},{"start":{"line":77,"column":23},"end":{"line":77,"column":48}},{"start":{"line":77,"column":48},"end":{"line":77,"column":73}}],"line":77}},"s":{"0":1,"1":3,"2":3,"3":3,"4":3,"5":3,"6":3,"7":12,"8":3,"9":3,"10":0,"11":3,"12":3,"13":3,"14":3,"15":3,"16":0,"17":0,"18":3,"19":3,"20":3,"21":0,"22":3,"23":3,"24":0,"25":3,"26":0,"27":3,"28":0,"29":3,"30":0,"31":3},"f":{"0":3,"1":3,"2":12,"3":3,"4":0,"5":3,"6":3,"7":3,"8":0,"9":0,"10":0},"b":{"0":[3,0],"1":[0,3],"2":[0,3],"3":[0,3],"4":[0,3],"5":[3,3,3]},"meta":{"lastBranch":6,"lastFunction":11,"lastStatement":32,"seen":{"s:21:31:117:Infinity":0,"f:21:31:21:32":0,"s:23:46:23:Infinity":1,"s:24:40:24:Infinity":2,"s:25:46:25:Infinity":3,"s:26:28:26:Infinity":4,"s:29:8:32:Infinity":5,"f:29:29:29:35":1,"s:29:35:32:5":6,"f:31:28:31:29":2,"s:31:35:31:45":7,"s:35:8:40:Infinity":8,"f:35:35:35:Infinity":3,"s:36:4:38:Infinity":9,"b:37:8:37:Infinity:38:8:38:Infinity":0,"f:38:24:38:25":4,"s:38:31:38:62":10,"s:43:28:43:Infinity":11,"b:43:45:43:79:43:79:43:Infinity":1,"s:44:60:45:Infinity":12,"s:56:2:56:Infinity":13,"s:59:2:66:Infinity":14,"f:59:12:59:18":5,"b:60:4:65:Infinity:63:11:65:Infinity":2,"s:60:4:65:Infinity":15,"s:61:6:61:Infinity":16,"s:62:6:62:Infinity":17,"s:64:6:64:Infinity":18,"s:69:2:73:Infinity":19,"f:69:12:69:18":6,"b:70:4:72:Infinity:undefined:undefined:undefined:undefined":3,"s:70:4:72:Infinity":20,"s:71:6:71:Infinity":21,"s:76:2:80:Infinity":22,"f:76:12:76:18":7,"b:77:4:79:Infinity:undefined:undefined:undefined:undefined":4,"s:77:4:79:Infinity":23,"b:77:8:77:23:77:23:77:48:77:48:77:73":5,"s:78:6:78:Infinity":24,"s:83:8:85:Infinity":25,"f:83:43:83:44":8,"s:84:4:84:Infinity":26,"s:87:8:89:Infinity":27,"f:87:39:87:40":9,"s:88:4:88:Infinity":28,"s:91:8:93:Infinity":29,"f:91:39:91:40":10,"s:92:4:92:Infinity":30,"s:95:2:116:Infinity":31}}}
,"/Users/uchechisamuel/Downloads/react-case-study-main/src/hooks/useSort/index.ts": {"path":"/Users/uchechisamuel/Downloads/react-case-study-main/src/hooks/useSort/index.ts","statementMap":{},"fnMap":{},"branchMap":{},"s":{},"f":{},"b":{},"meta":{"lastBranch":0,"lastFunction":0,"lastStatement":0,"seen":{}}}
,"/Users/uchechisamuel/Downloads/react-case-study-main/src/hooks/useSort/useSort.ts": {"path":"/Users/uchechisamuel/Downloads/react-case-study-main/src/hooks/useSort/useSort.ts","statementMap":{"0":{"start":{"line":24,"column":23},"end":{"line":72,"column":null}},"1":{"start":{"line":29,"column":34},"end":{"line":32,"column":null}},"2":{"start":{"line":34,"column":21},"end":{"line":39,"column":null}},"3":{"start":{"line":35,"column":4},"end":{"line":38,"column":null}},"4":{"start":{"line":35,"column":29},"end":{"line":38,"column":6}},"5":{"start":{"line":41,"column":8},"end":{"line":64,"column":null}},"6":{"start":{"line":42,"column":4},"end":{"line":42,"column":null}},"7":{"start":{"line":42,"column":28},"end":{"line":42,"column":null}},"8":{"start":{"line":44,"column":4},"end":{"line":63,"column":null}},"9":{"start":{"line":45,"column":21},"end":{"line":45,"column":null}},"10":{"start":{"line":46,"column":21},"end":{"line":46,"column":null}},"11":{"start":{"line":49,"column":6},"end":{"line":49,"column":null}},"12":{"start":{"line":49,"column":26},"end":{"line":49,"column":null}},"13":{"start":{"line":50,"column":6},"end":{"line":50,"column":null}},"14":{"start":{"line":50,"column":26},"end":{"line":50,"column":null}},"15":{"start":{"line":53,"column":23},"end":{"line":53,"column":null}},"16":{"start":{"line":54,"column":23},"end":{"line":54,"column":null}},"17":{"start":{"line":56,"column":6},"end":{"line":58,"column":null}},"18":{"start":{"line":57,"column":8},"end":{"line":57,"column":null}},"19":{"start":{"line":59,"column":6},"end":{"line":61,"column":null}},"20":{"start":{"line":60,"column":8},"end":{"line":60,"column":null}},"21":{"start":{"line":62,"column":6},"end":{"line":62,"column":null}},"22":{"start":{"line":66,"column":2},"end":{"line":71,"column":null}}},"fnMap":{"0":{"name":"(anonymous_0)","decl":{"start":{"line":24,"column":23},"end":{"line":24,"column":null}},"loc":{"start":{"line":28,"column":23},"end":{"line":72,"column":null}},"line":28},"1":{"name":"(anonymous_1)","decl":{"start":{"line":34,"column":21},"end":{"line":34,"column":22}},"loc":{"start":{"line":34,"column":42},"end":{"line":39,"column":null}},"line":34},"2":{"name":"(anonymous_2)","decl":{"start":{"line":35,"column":18},"end":{"line":35,"column":19}},"loc":{"start":{"line":35,"column":29},"end":{"line":38,"column":6}},"line":35},"3":{"name":"(anonymous_3)","decl":{"start":{"line":41,"column":29},"end":{"line":41,"column":35}},"loc":{"start":{"line":41,"column":35},"end":{"line":64,"column":5}},"line":41},"4":{"name":"(anonymous_4)","decl":{"start":{"line":44,"column":26},"end":{"line":44,"column":27}},"loc":{"start":{"line":44,"column":36},"end":{"line":63,"column":5}},"line":44}},"branchMap":{"0":{"loc":{"start":{"line":26,"column":2},"end":{"line":26,"column":null}},"type":"default-arg","locations":[{"start":{"line":26,"column":34},"end":{"line":26,"column":null}}],"line":26},"1":{"loc":{"start":{"line":27,"column":2},"end":{"line":27,"column":null}},"type":"default-arg","locations":[{"start":{"line":27,"column":36},"end":{"line":27,"column":null}}],"line":27},"2":{"loc":{"start":{"line":37,"column":17},"end":{"line":37,"column":null}},"type":"cond-expr","locations":[{"start":{"line":37,"column":70},"end":{"line":37,"column":79}},{"start":{"line":37,"column":79},"end":{"line":37,"column":null}}],"line":37},"3":{"loc":{"start":{"line":37,"column":17},"end":{"line":37,"column":70}},"type":"binary-expr","locations":[{"start":{"line":37,"column":17},"end":{"line":37,"column":43}},{"start":{"line":37,"column":43},"end":{"line":37,"column":70}}],"line":37},"4":{"loc":{"start":{"line":42,"column":4},"end":{"line":42,"column":null}},"type":"if","locations":[{"start":{"line":42,"column":4},"end":{"line":42,"column":null}},{"start":{},"end":{}}],"line":42},"5":{"loc":{"start":{"line":49,"column":6},"end":{"line":49,"column":null}},"type":"if","locations":[{"start":{"line":49,"column":6},"end":{"line":49,"column":null}},{"start":{},"end":{}}],"line":49},"6":{"loc":{"start":{"line":50,"column":6},"end":{"line":50,"column":null}},"type":"if","locations":[{"start":{"line":50,"column":6},"end":{"line":50,"column":null}},{"start":{},"end":{}}],"line":50},"7":{"loc":{"start":{"line":53,"column":23},"end":{"line":53,"column":null}},"type":"cond-expr","locations":[{"start":{"line":53,"column":52},"end":{"line":53,"column":75}},{"start":{"line":53,"column":75},"end":{"line":53,"column":null}}],"line":53},"8":{"loc":{"start":{"line":54,"column":23},"end":{"line":54,"column":null}},"type":"cond-expr","locations":[{"start":{"line":54,"column":52},"end":{"line":54,"column":75}},{"start":{"line":54,"column":75},"end":{"line":54,"column":null}}],"line":54},"9":{"loc":{"start":{"line":56,"column":6},"end":{"line":58,"column":null}},"type":"if","locations":[{"start":{"line":56,"column":6},"end":{"line":58,"column":null}},{"start":{},"end":{}}],"line":56},"10":{"loc":{"start":{"line":57,"column":15},"end":{"line":57,"column":null}},"type":"cond-expr","locations":[{"start":{"line":57,"column":48},"end":{"line":57,"column":53}},{"start":{"line":57,"column":53},"end":{"line":57,"column":null}}],"line":57},"11":{"loc":{"start":{"line":59,"column":6},"end":{"line":61,"column":null}},"type":"if","locations":[{"start":{"line":59,"column":6},"end":{"line":61,"column":null}},{"start":{},"end":{}}],"line":59},"12":{"loc":{"start":{"line":60,"column":15},"end":{"line":60,"column":null}},"type":"cond-expr","locations":[{"start":{"line":60,"column":48},"end":{"line":60,"column":52}},{"start":{"line":60,"column":52},"end":{"line":60,"column":null}}],"line":60}},"s":{"0":2,"1":9,"2":9,"3":3,"4":3,"5":9,"6":9,"7":6,"8":3,"9":12,"10":12,"11":12,"12":0,"13":12,"14":0,"15":12,"16":12,"17":12,"18":6,"19":6,"20":6,"21":0,"22":9},"f":{"0":9,"1":3,"2":3,"3":9,"4":12},"b":{"0":[9],"1":[9],"2":[1,2],"3":[3,1],"4":[6,3],"5":[0,12],"6":[0,12],"7":[4,8],"8":[4,8],"9":[6,6],"10":[4,2],"11":[6,0],"12":[4,2]},"meta":{"lastBranch":13,"lastFunction":5,"lastStatement":23,"seen":{"s:24:23:72:Infinity":0,"f:24:23:24:Infinity":0,"b:26:34:26:Infinity":0,"b:27:36:27:Infinity":1,"s:29:34:32:Infinity":1,"s:34:21:39:Infinity":2,"f:34:21:34:22":1,"s:35:4:38:Infinity":3,"f:35:18:35:19":2,"s:35:29:38:6":4,"b:37:70:37:79:37:79:37:Infinity":2,"b:37:17:37:43:37:43:37:70":3,"s:41:8:64:Infinity":5,"f:41:29:41:35":3,"b:42:4:42:Infinity:undefined:undefined:undefined:undefined":4,"s:42:4:42:Infinity":6,"s:42:28:42:Infinity":7,"s:44:4:63:Infinity":8,"f:44:26:44:27":4,"s:45:21:45:Infinity":9,"s:46:21:46:Infinity":10,"b:49:6:49:Infinity:undefined:undefined:undefined:undefined":5,"s:49:6:49:Infinity":11,"s:49:26:49:Infinity":12,"b:50:6:50:Infinity:undefined:undefined:undefined:undefined":6,"s:50:6:50:Infinity":13,"s:50:26:50:Infinity":14,"s:53:23:53:Infinity":15,"b:53:52:53:75:53:75:53:Infinity":7,"s:54:23:54:Infinity":16,"b:54:52:54:75:54:75:54:Infinity":8,"b:56:6:58:Infinity:undefined:undefined:undefined:undefined":9,"s:56:6:58:Infinity":17,"s:57:8:57:Infinity":18,"b:57:48:57:53:57:53:57:Infinity":10,"b:59:6:61:Infinity:undefined:undefined:undefined:undefined":11,"s:59:6:61:Infinity":19,"s:60:8:60:Infinity":20,"b:60:48:60:52:60:52:60:Infinity":12,"s:62:6:62:Infinity":21,"s:66:2:71:Infinity":22}}}
,"/Users/uchechisamuel/Downloads/react-case-study-main/src/hooks/useUrlState/useUrlState.ts": {"path":"/Users/uchechisamuel/Downloads/react-case-study-main/src/hooks/useUrlState/useUrlState.ts","statementMap":{"0":{"start":{"line":17,"column":27},"end":{"line":48,"column":null}},"1":{"start":{"line":22,"column":24},"end":{"line":26,"column":null}},"2":{"start":{"line":23,"column":19},"end":{"line":23,"column":null}},"3":{"start":{"line":24,"column":21},"end":{"line":24,"column":null}},"4":{"start":{"line":25,"column":4},"end":{"line":25,"column":null}},"5":{"start":{"line":29,"column":2},"end":{"line":45,"column":null}},"6":{"start":{"line":30,"column":19},"end":{"line":30,"column":null}},"7":{"start":{"line":32,"column":4},"end":{"line":37,"column":null}},"8":{"start":{"line":34,"column":6},"end":{"line":34,"column":null}},"9":{"start":{"line":36,"column":6},"end":{"line":36,"column":null}},"10":{"start":{"line":40,"column":19},"end":{"line":42,"column":null}},"11":{"start":{"line":44,"column":4},"end":{"line":44,"column":null}},"12":{"start":{"line":47,"column":2},"end":{"line":47,"column":null}},"13":{"start":{"line":55,"column":33},"end":{"line":82,"column":null}},"14":{"start":{"line":59,"column":24},"end":{"line":63,"column":null}},"15":{"start":{"line":60,"column":19},"end":{"line":60,"column":null}},"16":{"start":{"line":61,"column":21},"end":{"line":61,"column":null}},"17":{"start":{"line":62,"column":4},"end":{"line":62,"column":null}},"18":{"start":{"line":65,"column":2},"end":{"line":79,"column":null}},"19":{"start":{"line":66,"column":19},"end":{"line":66,"column":null}},"20":{"start":{"line":68,"column":4},"end":{"line":72,"column":null}},"21":{"start":{"line":69,"column":6},"end":{"line":69,"column":null}},"22":{"start":{"line":71,"column":6},"end":{"line":71,"column":null}},"23":{"start":{"line":74,"column":19},"end":{"line":76,"column":null}},"24":{"start":{"line":78,"column":4},"end":{"line":78,"column":null}},"25":{"start":{"line":81,"column":2},"end":{"line":81,"column":null}}},"fnMap":{"0":{"name":"(anonymous_0)","decl":{"start":{"line":17,"column":27},"end":{"line":17,"column":null}},"loc":{"start":{"line":20,"column":30},"end":{"line":48,"column":null}},"line":20},"1":{"name":"(anonymous_1)","decl":{"start":{"line":22,"column":40},"end":{"line":22,"column":46}},"loc":{"start":{"line":22,"column":46},"end":{"line":26,"column":3}},"line":22},"2":{"name":"(anonymous_2)","decl":{"start":{"line":29,"column":12},"end":{"line":29,"column":18}},"loc":{"start":{"line":29,"column":18},"end":{"line":45,"column":5}},"line":29},"3":{"name":"(anonymous_3)","decl":{"start":{"line":55,"column":33},"end":{"line":55,"column":null}},"loc":{"start":{"line":58,"column":40},"end":{"line":82,"column":null}},"line":58},"4":{"name":"(anonymous_4)","decl":{"start":{"line":59,"column":45},"end":{"line":59,"column":51}},"loc":{"start":{"line":59,"column":51},"end":{"line":63,"column":3}},"line":59},"5":{"name":"(anonymous_5)","decl":{"start":{"line":65,"column":12},"end":{"line":65,"column":18}},"loc":{"start":{"line":65,"column":18},"end":{"line":79,"column":5}},"line":65}},"branchMap":{"0":{"loc":{"start":{"line":25,"column":12},"end":{"line":25,"column":null}},"type":"binary-expr","locations":[{"start":{"line":25,"column":12},"end":{"line":25,"column":30}},{"start":{"line":25,"column":30},"end":{"line":25,"column":null}}],"line":25},"1":{"loc":{"start":{"line":32,"column":4},"end":{"line":37,"column":null}},"type":"if","locations":[{"start":{"line":32,"column":4},"end":{"line":37,"column":null}},{"start":{"line":35,"column":11},"end":{"line":37,"column":null}}],"line":32},"2":{"loc":{"start":{"line":40,"column":19},"end":{"line":42,"column":null}},"type":"cond-expr","locations":[{"start":{"line":41,"column":8},"end":{"line":41,"column":null}},{"start":{"line":42,"column":8},"end":{"line":42,"column":null}}],"line":40},"3":{"loc":{"start":{"line":62,"column":11},"end":{"line":62,"column":null}},"type":"cond-expr","locations":[{"start":{"line":62,"column":22},"end":{"line":62,"column":47}},{"start":{"line":62,"column":47},"end":{"line":62,"column":null}}],"line":62},"4":{"loc":{"start":{"line":68,"column":4},"end":{"line":72,"column":null}},"type":"if","locations":[{"start":{"line":68,"column":4},"end":{"line":72,"column":null}},{"start":{"line":70,"column":11},"end":{"line":72,"column":null}}],"line":68},"5":{"loc":{"start":{"line":74,"column":19},"end":{"line":76,"column":null}},"type":"cond-expr","locations":[{"start":{"line":75,"column":8},"end":{"line":75,"column":null}},{"start":{"line":76,"column":8},"end":{"line":76,"column":null}}],"line":74}},"s":{"0":1,"1":5,"2":3,"3":3,"4":3,"5":5,"6":5,"7":5,"8":3,"9":2,"10":5,"11":5,"12":5,"13":1,"14":4,"15":3,"16":3,"17":3,"18":4,"19":4,"20":4,"21":2,"22":2,"23":4,"24":4,"25":4},"f":{"0":5,"1":3,"2":5,"3":4,"4":3,"5":4},"b":{"0":[3,2],"1":[3,2],"2":[2,3],"3":[1,2],"4":[2,2],"5":[2,2]},"meta":{"lastBranch":6,"lastFunction":6,"lastStatement":26,"seen":{"s:17:27:48:Infinity":0,"f:17:27:17:Infinity":0,"s:22:24:26:Infinity":1,"f:22:40:22:46":1,"s:23:19:23:Infinity":2,"s:24:21:24:Infinity":3,"s:25:4:25:Infinity":4,"b:25:12:25:30:25:30:25:Infinity":0,"s:29:2:45:Infinity":5,"f:29:12:29:18":2,"s:30:19:30:Infinity":6,"b:32:4:37:Infinity:35:11:37:Infinity":1,"s:32:4:37:Infinity":7,"s:34:6:34:Infinity":8,"s:36:6:36:Infinity":9,"s:40:19:42:Infinity":10,"b:41:8:41:Infinity:42:8:42:Infinity":2,"s:44:4:44:Infinity":11,"s:47:2:47:Infinity":12,"s:55:33:82:Infinity":13,"f:55:33:55:Infinity":3,"s:59:24:63:Infinity":14,"f:59:45:59:51":4,"s:60:19:60:Infinity":15,"s:61:21:61:Infinity":16,"s:62:4:62:Infinity":17,"b:62:22:62:47:62:47:62:Infinity":3,"s:65:2:79:Infinity":18,"f:65:12:65:18":5,"s:66:19:66:Infinity":19,"b:68:4:72:Infinity:70:11:72:Infinity":4,"s:68:4:72:Infinity":20,"s:69:6:69:Infinity":21,"s:71:6:71:Infinity":22,"s:74:19:76:Infinity":23,"b:75:8:75:Infinity:76:8:76:Infinity":5,"s:78:4:78:Infinity":24,"s:81:2:81:Infinity":25}}}
,"/Users/uchechisamuel/Downloads/react-case-study-main/src/pages/About/About.tsx": {"path":"/Users/uchechisamuel/Downloads/react-case-study-main/src/pages/About/About.tsx","statementMap":{"0":{"start":{"line":1,"column":14},"end":{"line":170,"column":null}},"1":{"start":{"line":2,"column":2},"end":{"line":168,"column":null}}},"fnMap":{"0":{"name":"(anonymous_0)","decl":{"start":{"line":1,"column":14},"end":{"line":1,"column":20}},"loc":{"start":{"line":1,"column":20},"end":{"line":170,"column":null}},"line":1}},"branchMap":{},"s":{"0":1,"1":3},"f":{"0":3},"b":{},"meta":{"lastBranch":0,"lastFunction":1,"lastStatement":2,"seen":{"s:1:14:170:Infinity":0,"f:1:14:1:20":0,"s:2:2:168:Infinity":1}}}
,"/Users/uchechisamuel/Downloads/react-case-study-main/src/pages/Products/Products.tsx": {"path":"/Users/uchechisamuel/Downloads/react-case-study-main/src/pages/Products/Products.tsx","statementMap":{"0":{"start":{"line":12,"column":17},"end":{"line":88,"column":null}},"1":{"start":{"line":13,"column":32},"end":{"line":13,"column":null}},"2":{"start":{"line":30,"column":2},"end":{"line":30,"column":null}},"3":{"start":{"line":33,"column":2},"end":{"line":36,"column":null}},"4":{"start":{"line":34,"column":18},"end":{"line":34,"column":null}},"5":{"start":{"line":34,"column":35},"end":{"line":34,"column":56}},"6":{"start":{"line":35,"column":4},"end":{"line":35,"column":null}},"7":{"start":{"line":35,"column":17},"end":{"line":35,"column":null}},"8":{"start":{"line":38,"column":2},"end":{"line":86,"column":null}}},"fnMap":{"0":{"name":"(anonymous_0)","decl":{"start":{"line":12,"column":17},"end":{"line":12,"column":23}},"loc":{"start":{"line":12,"column":23},"end":{"line":88,"column":null}},"line":12},"1":{"name":"(anonymous_1)","decl":{"start":{"line":33,"column":12},"end":{"line":33,"column":18}},"loc":{"start":{"line":33,"column":18},"end":{"line":36,"column":5}},"line":33},"2":{"name":"(anonymous_2)","decl":{"start":{"line":34,"column":29},"end":{"line":34,"column":35}},"loc":{"start":{"line":34,"column":35},"end":{"line":34,"column":56}},"line":34},"3":{"name":"(anonymous_3)","decl":{"start":{"line":35,"column":11},"end":{"line":35,"column":17}},"loc":{"start":{"line":35,"column":17},"end":{"line":35,"column":null}},"line":35}},"branchMap":{"0":{"loc":{"start":{"line":55,"column":7},"end":{"line":84,"column":null}},"type":"cond-expr","locations":[{"start":{"line":56,"column":8},"end":{"line":59,"column":null}},{"start":{"line":61,"column":8},"end":{"line":84,"column":null}}],"line":55},"1":{"loc":{"start":{"line":69,"column":11},"end":{"line":74,"column":null}},"type":"binary-expr","locations":[{"start":{"line":69,"column":11},"end":{"line":69,"column":null}},{"start":{"line":70,"column":12},"end":{"line":74,"column":null}}],"line":69}},"s":{"0":1,"1":5,"2":5,"3":5,"4":3,"5":2,"6":3,"7":3,"8":5},"f":{"0":5,"1":3,"2":2,"3":3},"b":{"0":[3,2],"1":[2,2]},"meta":{"lastBranch":2,"lastFunction":4,"lastStatement":9,"seen":{"s:12:17:88:Infinity":0,"f:12:17:12:23":0,"s:13:32:13:Infinity":1,"s:30:2:30:Infinity":2,"s:33:2:36:Infinity":3,"f:33:12:33:18":1,"s:34:18:34:Infinity":4,"f:34:29:34:35":2,"s:34:35:34:56":5,"s:35:4:35:Infinity":6,"f:35:11:35:17":3,"s:35:17:35:Infinity":7,"s:38:2:86:Infinity":8,"b:56:8:59:Infinity:61:8:84:Infinity":0,"b:69:11:69:Infinity:70:12:74:Infinity":1}}}
}
